
> marketscope-web@0.1.0 dev
> next dev --hostname 127.0.0.1 --port 3000

  ▲ Next.js 14.2.25
  - Local:        http://127.0.0.1:3000
  - Network:      http://127.0.0.1:3000
  - Environments: .env.local

 ✓ Starting...
 ✓ Ready in 6.3s
 ○ Compiling / ...
 ✓ Compiled / in 6.3s (500 modules)
 ✓ Compiled in 964ms (257 modules)
 GET / 200 in 307ms
 GET / 200 in 55ms
 GET / 200 in 74ms
 ○ Compiling /analisis/baru ...
 ✓ Compiled /analisis/baru in 875ms (500 modules)
 ○ Compiling /analisis/[id] ...
 ✓ Compiled /analisis/[id] in 1562ms (1560 modules)
 ✓ Compiled in 1024ms (1574 modules)
 ✓ Compiled in 847ms (1574 modules)
 ✓ Compiled in 1610ms (1583 modules)
 GET /analisis/0fe2c49b-01a8-4fc1-b0ef-06419577087e 200 in 373ms
 ○ Compiling /analisis ...
 ✓ Compiled /analisis in 687ms (1568 modules)
 GET / 200 in 143ms
